<?xml version="1.0" encoding="UTF-8"?>
<!-- Generated by org.testng.reporters.JUnitReportReporter -->
<testsuite hostname="DESKTOP-9G0TIR3" failures="0" tests="2" name="Demo_TestNg.testngAnnotations" time="0.020" errors="0" timestamp="2023-04-11T17:54:14 IST" skipped="0">
  <testcase classname="Demo_TestNg.testngAnnotations" name="test1" time="0.015"/>
  <system-out/>
  <testcase classname="Demo_TestNg.testngAnnotations" name="test2" time="0.005"/>
  <system-out/>
</testsuite> <!-- Demo_TestNg.testngAnnotations -->
