<?xml version="1.0" encoding="UTF-8"?>
<!-- Generated by org.testng.reporters.JUnitReportReporter -->
<testsuite hostname="DESKTOP-9G0TIR3" failures="0" tests="1" name="Demo_TestNg.MyIntialTest" time="0.000" errors="0" timestamp="2023-04-19T20:43:06 IST" skipped="1">
  <testcase classname="Demo_TestNg.MyIntialTest" name="test" time="0.000">
    <skipped/>
  </testcase> <!-- test -->
  <system-out/>
</testsuite> <!-- Demo_TestNg.MyIntialTest -->
