<?xml version="1.0" encoding="UTF-8"?>
<!-- Generated by org.testng.reporters.JUnitReportReporter -->
<testsuite hostname="DESKTOP-9G0TIR3" failures="0" tests="1" name="Demo_TestNg.TestCase3" time="0.010" errors="0" timestamp="2023-04-12T21:00:53 IST" skipped="0">
  <testcase classname="Demo_TestNg.TestCase3" name="test5" time="0.010"/>
  <system-out/>
</testsuite> <!-- Demo_TestNg.TestCase3 -->
