<?xml version="1.0" encoding="UTF-8"?>
<!-- Generated by org.testng.reporters.JUnitReportReporter -->
<testsuite hostname="DESKTOP-9G0TIR3" failures="0" tests="1" name="Demo_TestNg.TestNg" time="9.015" errors="0" timestamp="2023-04-07T20:49:44 IST" skipped="0">
  <testcase classname="Demo_TestNg.TestNg" name="hello" time="9.015"/>
  <system-out/>
</testsuite> <!-- Demo_TestNg.TestNg -->
