<?xml version="1.0" encoding="UTF-8"?>
<!-- Generated by org.testng.reporters.JUnitReportReporter -->
<testsuite hostname="DESKTOP-9G0TIR3" failures="0" tests="1" name="Demo_TestNg.Multiply" time="0.002" errors="0" timestamp="2023-04-14T18:25:59 IST" skipped="0">
  <testcase classname="Demo_TestNg.Multiply" name="add" time="0.002"/>
  <system-out/>
</testsuite> <!-- Demo_TestNg.Multiply -->
