<?xml version="1.0" encoding="UTF-8"?>
<!-- Generated by org.testng.reporters.JUnitReportReporter -->
<testsuite hostname="DESKTOP-9G0TIR3" failures="0" tests="4" name="Demo_TestNg.SauceDemo" time="26.881" errors="0" timestamp="2023-04-17T19:22:54 IST" skipped="0">
  <testcase classname="Demo_TestNg.SauceDemo" name="test" time="3.847"/>
  <system-out/>
  <testcase classname="Demo_TestNg.SauceDemo" name="test" time="8.847"/>
  <system-out/>
  <testcase classname="Demo_TestNg.SauceDemo" name="test" time="4.236"/>
  <system-out/>
  <testcase classname="Demo_TestNg.SauceDemo" name="test" time="9.951"/>
  <system-out/>
</testsuite> <!-- Demo_TestNg.SauceDemo -->
