<?xml version="1.0" encoding="UTF-8"?>
<!-- Generated by org.testng.reporters.JUnitReportReporter -->
<testsuite hostname="DESKTOP-9G0TIR3" failures="0" tests="2" name="Demo_TestNg.TestCase1" time="0.081" errors="0" timestamp="2023-04-14T19:31:13 IST" skipped="0">
  <testcase classname="Demo_TestNg.TestCase1" name="test1" time="0.055"/>
  <system-out/>
  <testcase classname="Demo_TestNg.TestCase1" name="test2" time="0.026"/>
  <system-out/>
</testsuite> <!-- Demo_TestNg.TestCase1 -->
